0 info it worked if it ends with ok
1 verbose cli [ '/Users/Totiimon/.nvm/versions/node/v6.9.1/bin/node',
1 verbose cli   '/Users/Totiimon/.nvm/versions/node/v6.9.1/bin/npm',
1 verbose cli   'install',
1 verbose cli   'ns-sweet-alert' ]
2 info using npm@4.0.2
3 info using node@v6.9.1
4 silly loadCurrentTree Starting
5 silly install loadCurrentTree
6 silly install readLocalPackageData
7 silly fetchPackageMetaData ns-sweet-alert
8 silly fetchNamedPackageData ns-sweet-alert
9 silly mapToRegistry name ns-sweet-alert
10 silly mapToRegistry using default registry
11 silly mapToRegistry registry https://registry.npmjs.org/
12 silly mapToRegistry data Result {
12 silly mapToRegistry   raw: 'ns-sweet-alert',
12 silly mapToRegistry   scope: null,
12 silly mapToRegistry   escapedName: 'ns-sweet-alert',
12 silly mapToRegistry   name: 'ns-sweet-alert',
12 silly mapToRegistry   rawSpec: '',
12 silly mapToRegistry   spec: 'latest',
12 silly mapToRegistry   type: 'tag' }
13 silly mapToRegistry uri https://registry.npmjs.org/ns-sweet-alert
14 verbose request uri https://registry.npmjs.org/ns-sweet-alert
15 verbose request no auth needed
16 info attempt registry request try #1 at 10:17:51 PM
17 verbose request using bearer token for auth
18 verbose request id f815fa753db67306
19 http request GET https://registry.npmjs.org/ns-sweet-alert
20 http 200 https://registry.npmjs.org/ns-sweet-alert
21 verbose headers { server: 'nginx/1.10.1',
21 verbose headers   'content-type': 'application/json',
21 verbose headers   'last-modified': 'Fri, 20 Jan 2017 01:17:19 GMT',
21 verbose headers   etag: 'W/"5881651f-15f9"',
21 verbose headers   'content-encoding': 'gzip',
21 verbose headers   'cache-control': 'max-age=300',
21 verbose headers   'transfer-encoding': 'chunked',
21 verbose headers   'accept-ranges': 'bytes',
21 verbose headers   date: 'Fri, 20 Jan 2017 01:17:52 GMT',
21 verbose headers   via: '1.1 varnish',
21 verbose headers   connection: 'keep-alive',
21 verbose headers   'x-served-by': 'cache-gru7126-GRU',
21 verbose headers   'x-cache': 'MISS',
21 verbose headers   'x-cache-hits': '0',
21 verbose headers   'x-timer': 'S1484875071.409396,VS0,VE1026',
21 verbose headers   vary: 'Accept-Encoding' }
22 silly get cb [ 200,
22 silly get   { server: 'nginx/1.10.1',
22 silly get     'content-type': 'application/json',
22 silly get     'last-modified': 'Fri, 20 Jan 2017 01:17:19 GMT',
22 silly get     etag: 'W/"5881651f-15f9"',
22 silly get     'content-encoding': 'gzip',
22 silly get     'cache-control': 'max-age=300',
22 silly get     'transfer-encoding': 'chunked',
22 silly get     'accept-ranges': 'bytes',
22 silly get     date: 'Fri, 20 Jan 2017 01:17:52 GMT',
22 silly get     via: '1.1 varnish',
22 silly get     connection: 'keep-alive',
22 silly get     'x-served-by': 'cache-gru7126-GRU',
22 silly get     'x-cache': 'MISS',
22 silly get     'x-cache-hits': '0',
22 silly get     'x-timer': 'S1484875071.409396,VS0,VE1026',
22 silly get     vary: 'Accept-Encoding' } ]
23 verbose get saving ns-sweet-alert to /Users/Totiimon/.npm/registry.npmjs.org/ns-sweet-alert/.cache.json
24 verbose correctMkdir /Users/Totiimon/.npm correctMkdir not in flight; initializing
25 silly install normalizeTree
26 silly loadCurrentTree Finishing
27 silly loadIdealTree Starting
28 silly install loadIdealTree
29 silly cloneCurrentTree Starting
30 silly install cloneCurrentTreeToIdealTree
31 silly cloneCurrentTree Finishing
32 silly loadShrinkwrap Starting
33 silly install loadShrinkwrap
34 silly loadShrinkwrap Finishing
35 silly loadAllDepsIntoIdealTree Starting
36 silly install loadAllDepsIntoIdealTree
37 silly rollbackFailedOptional Starting
38 silly rollbackFailedOptional Finishing
39 silly runTopLevelLifecycles Finishing
40 silly install printInstalled
41 verbose stack Error: Refusing to install package with name "ns-sweet-alert" under a package
41 verbose stack also called "ns-sweet-alert". Did you name your project the same
41 verbose stack as the dependency you're installing?
41 verbose stack
41 verbose stack For more information, see:
41 verbose stack     <https://docs.npmjs.com/cli/install#limitations-of-npms-install-algorithm>
41 verbose stack     at checkSelf (/Users/Totiimon/.nvm/versions/node/v6.9.1/lib/node_modules/npm/lib/install/validate-args.js:53:14)
41 verbose stack     at Array.<anonymous> (/Users/Totiimon/.nvm/versions/node/v6.9.1/lib/node_modules/npm/node_modules/slide/lib/bind-actor.js:15:8)
41 verbose stack     at LOOP (/Users/Totiimon/.nvm/versions/node/v6.9.1/lib/node_modules/npm/node_modules/slide/lib/chain.js:15:14)
41 verbose stack     at chain (/Users/Totiimon/.nvm/versions/node/v6.9.1/lib/node_modules/npm/node_modules/slide/lib/chain.js:20:5)
41 verbose stack     at /Users/Totiimon/.nvm/versions/node/v6.9.1/lib/node_modules/npm/lib/install/validate-args.js:16:5
41 verbose stack     at /Users/Totiimon/.nvm/versions/node/v6.9.1/lib/node_modules/npm/node_modules/slide/lib/async-map.js:52:35
41 verbose stack     at Array.forEach (native)
41 verbose stack     at /Users/Totiimon/.nvm/versions/node/v6.9.1/lib/node_modules/npm/node_modules/slide/lib/async-map.js:52:11
41 verbose stack     at Array.forEach (native)
41 verbose stack     at asyncMap (/Users/Totiimon/.nvm/versions/node/v6.9.1/lib/node_modules/npm/node_modules/slide/lib/async-map.js:51:8)
42 verbose cwd /Users/Totiimon/code/ns/proj/nativescript-plugin-name
43 error Darwin 16.3.0
44 error argv "/Users/Totiimon/.nvm/versions/node/v6.9.1/bin/node" "/Users/Totiimon/.nvm/versions/node/v6.9.1/bin/npm" "install" "ns-sweet-alert"
45 error node v6.9.1
46 error npm  v4.0.2
47 error code ENOSELF
48 error Refusing to install package with name "ns-sweet-alert" under a package
48 error also called "ns-sweet-alert". Did you name your project the same
48 error as the dependency you're installing?
48 error
48 error For more information, see:
48 error     <https://docs.npmjs.com/cli/install#limitations-of-npms-install-algorithm>
49 error If you need help, you may report this error at:
49 error     <https://github.com/npm/npm/issues>
50 verbose exit [ 1, true ]
